app/build/outputs/mapping/release/seeds.txt
com.example.watchdemo.MainActivity
com.example.watchdemo.SubActivity
com.example.watchdemo.SwipeBackLayout: void setSwipeDisabled(boolean)
com.example.watchdemo.MainActivity$ScreenState: com.example.watchdemo.MainActivity$ScreenState[] values()
com.example.watchdemo.SwipeBackLayout: void setActivityDragging(boolean)
com.example.watchdemo.MainActivity: MainActivity()
com.example.watchdemo.SwipeBackLayout: android.view.View getUnderneathView()
com.example.watchdemo.SwipeBackLayout: void setOnSwipeBackListener(com.example.watchdemo.SwipeBackLayout$OnSwipeBackListener)
com.example.watchdemo.SubActivity: SubActivity()
com.example.watchdemo.MainActivity$ScreenState: com.example.watchdemo.MainActivity$ScreenState valueOf(java.lang.String)