app/build/outputs/mapping/release/mapping.txt
# compiler: R8
# compiler_version: 8.7.18
# min_api: 30
# common_typos_disable
# {"id":"com.android.tools.r8.mapping","version":"2.2"}
# pg_map_id: 760179c
# pg_map_hash: SHA-256 760179c326b57aa28c26235946a64644dc2cbd44dee19b03739289b8f15a5b4c
com.example.watchdemo.HistoryDbHelper -> a.a:
# {"id":"sourceFile","fileName":"HistoryDbHelper.java"}
    com.example.watchdemo.HistoryDbHelper instance -> a
      # {"id":"com.android.tools.r8.residualsignature","signature":"La/a;"}
    3:6:com.example.watchdemo.HistoryDbHelper getInstance(android.content.Context):14:14 -> a
      # {"id":"com.android.tools.r8.residualsignature","signature":"(Lcom/example/watchdemo/MainActivity;)La/a;"}
    7:12:com.example.watchdemo.HistoryDbHelper getInstance(android.content.Context):15:15 -> a
    13:19:void <init>(android.content.Context):21:21 -> a
    13:19:com.example.watchdemo.HistoryDbHelper getInstance(android.content.Context):15 -> a
    20:22:void <init>(android.content.Context):22:22 -> a
    20:22:com.example.watchdemo.HistoryDbHelper getInstance(android.content.Context):15 -> a
    23:27:com.example.watchdemo.HistoryDbHelper getInstance(android.content.Context):15:15 -> a
    28:33:com.example.watchdemo.HistoryDbHelper getInstance(android.content.Context):17:17 -> a
    0:4:void onCreate(android.database.sqlite.SQLiteDatabase):27:27 -> onCreate
    5:10:void onCreate(android.database.sqlite.SQLiteDatabase):33:33 -> onCreate
    0:4:void onUpgrade(android.database.sqlite.SQLiteDatabase,int,int):46:46 -> onUpgrade
    5:9:void onUpgrade(android.database.sqlite.SQLiteDatabase,int,int):47:47 -> onUpgrade
    10:13:void onUpgrade(android.database.sqlite.SQLiteDatabase,int,int):48:48 -> onUpgrade
com.example.watchdemo.HistoryScreenView -> a.h:
# {"id":"sourceFile","fileName":"HistoryScreenView.java"}
    com.example.watchdemo.MainActivity activity -> a
    boolean isApplyingEffects -> b
    4:7:void <init>(com.example.watchdemo.MainActivity):20:20 -> <init>
    8:9:void <init>(com.example.watchdemo.MainActivity):17:17 -> <init>
    10:11:void <init>(com.example.watchdemo.MainActivity):21:21 -> <init>
    12:20:void <init>(com.example.watchdemo.MainActivity):23:23 -> <init>
    21:28:void <init>(com.example.watchdemo.MainActivity):26:26 -> <init>
    29:35:void <init>(com.example.watchdemo.MainActivity):27:27 -> <init>
    36:45:void <init>(com.example.watchdemo.MainActivity):29:29 -> <init>
    46:55:void <init>(com.example.watchdemo.MainActivity):30:30 -> <init>
    56:62:void <init>(com.example.watchdemo.MainActivity):31:31 -> <init>
    63:66:void <init>(com.example.watchdemo.MainActivity):32:32 -> <init>
    67:71:void <init>(com.example.watchdemo.MainActivity):35:35 -> <init>
    72:74:void <init>(com.example.watchdemo.MainActivity):36:36 -> <init>
    75:83:void <init>(com.example.watchdemo.MainActivity):37:37 -> <init>
    84:88:void <init>(com.example.watchdemo.MainActivity):39:39 -> <init>
    89:91:void <init>(com.example.watchdemo.MainActivity):40:40 -> <init>
    92:100:void <init>(com.example.watchdemo.MainActivity):41:41 -> <init>
    101:104:void <init>(com.example.watchdemo.MainActivity):43:43 -> <init>